C51 COMPILER V9.03   CONFIG                                                                08/05/2015 15:44:20 PAGE 1   


C51 COMPILER V9.03, COMPILATION OF MODULE CONFIG
OBJECT MODULE PLACED IN .\output\config.obj
COMPILER INVOKED BY: D:\Keil\C51\BIN\C51.EXE config.c LARGE BROWSE DEBUG OBJECTEXTEND OBJECT(.\output\config.obj)

line level    source

   1          #include        <config.h>
   2          
   3          /***********************************函数声明***********************************/
   4          void UART1_Send_Byte(unsigned char ddata) 
   5          {           
   6   1              SBUF = ddata;  //写入要发送的字符
   7   1              while(!TI);    //等待发送完毕
   8   1              TI = 0;        //清发送标志   
   9   1      }
  10          
  11          void UART1_Send_String(unsigned char *str)
  12          {
  13   1              while(*str!='\0')
  14   1              {
  15   2                      UART1_Send_Byte(*str++);        
  16   2              }
  17   1      } 
  18          
  19          void UartInit(void)             //9600bps@11.0592MHz
  20          {
  21   1              PCON=0x00;
  22   1              SCON = 0x50;            //8位数据,可变波特率
  23   1              TMOD = 0x21;                    //设定定时器1为16位自动重装方式
  24   1              TL1 = 0xfa;                     //设定定时初值
  25   1              TH1 = 0xfa;                     //设定定时初值
  26   1              TR1 = 1;                //启动定时器1
  27   1              EA=1;                   //开总中断
  28   1      
  29   1      }


MODULE INFORMATION:   STATIC OVERLAYABLE
   CODE SIZE        =     79    ----
   CONSTANT SIZE    =   ----    ----
   XDATA SIZE       =   ----       3
   PDATA SIZE       =   ----    ----
   DATA SIZE        =   ----    ----
   IDATA SIZE       =   ----    ----
   BIT SIZE         =   ----    ----
END OF MODULE INFORMATION.


C51 COMPILATION COMPLETE.  0 WARNING(S),  0 ERROR(S)
