C51 COMPILER V9.03   DELAY                                                                 08/05/2015 17:37:25 PAGE 1   


C51 COMPILER V9.03, COMPILATION OF MODULE DELAY
OBJECT MODULE PLACED IN .\output\delay.obj
COMPILER INVOKED BY: D:\Keil\C51\BIN\C51.EXE delay.c LARGE BROWSE DEBUG OBJECTEXTEND OBJECT(.\output\delay.obj)

line level    source

   1          /************************************************************************************
   2          Copyright,  LCE STUDIO   
   3          程序名称：延时函数(晶振频率18.432MHz)
   4          功能说明: 延时毫秒与微秒
   5          程序版本：1.0 （2014/06）
   6          阿里旺旺：rob1983
   7          淘宝店铺：http://shop67639654.taobao.com 
   8          ************************************************************************************/
   9          
  10          #include "stc15f2k60s2.h"           // 单片机STC15F2K60S2头文件,可以不再加入reg51.h
  11          #include <intrins.h>                        // 加入此头文件后,可使用_nop_库函数
  12          #include <stdio.h>
  13          
  14          
  15          
  16          void Delay1us()         //@18.432MHz
  17          {
  18   1              unsigned char i;
  19   1      
  20   1              i = 2;
  21   1              while (--i);
  22   1      }
  23          
  24          void Delay1ms()         //@18.432MHz
  25          {
  26   1              unsigned char i, j;
  27   1      
  28   1              i = 18;
  29   1              j = 235;
  30   1              do
  31   1              {
  32   2                      while (--j);
  33   2              } while (--i);
  34   1      }
  35          
  36          void DelayMS(int t)
  37          {
  38   1              while(t--)
  39   1              {
  40   2                      Delay1ms();
  41   2              }
  42   1      }
  43          
  44          void DelayUS(int t)
  45          {
  46   1              while(t--)
  47   1              {
  48   2                      Delay1us();
  49   2              }
  50   1      }
  51          
  52          
  53          


C51 COMPILER V9.03   DELAY                                                                 08/05/2015 17:37:25 PAGE 2   

MODULE INFORMATION:   STATIC OVERLAYABLE
   CODE SIZE        =     54    ----
   CONSTANT SIZE    =   ----    ----
   XDATA SIZE       =   ----    ----
   PDATA SIZE       =   ----    ----
   DATA SIZE        =   ----    ----
   IDATA SIZE       =   ----    ----
   BIT SIZE         =   ----    ----
END OF MODULE INFORMATION.


C51 COMPILATION COMPLETE.  0 WARNING(S),  0 ERROR(S)
